-------------------------------------------------------------------------------
Test set: server.HandlersTest
-------------------------------------------------------------------------------
Tests run: 6, Failures: 1, Errors: 0, Skipped: 0, Time elapsed: 0.629 s <<< FAILURE! - in server.HandlersTest
server.HandlersTest.testGetUser  Time elapsed: 0.013 s  <<< FAILURE!
org.opentest4j.AssertionFailedError: expected: <GetUserSuccessResponse[result=success, user=User{userId='TJWATWNITXLQCVcSroz1', displayName='Georgia Black', refreshToken='', membershipLength=0, currentSong=Song{userId='TJWATWNITXLQCVcSroz1', title='Bandit (with YoungBoy Never Broke Again)', id='1oWM79mUVdZGCGYjSirHZR', artists=[Juice WRLD, YoungBoy Never Broke Again], features=[0.06870000064373016, 0.4740000069141388, 0.6309999823570251, 0.0, 0.34299999475479126, 0.42399999499320984], dimension=6}, connections=[oA3bltmGZg4X5fP0P2Ig, FXlY823hC4B7wSnZ4es2, hnoIwH1NsS9PlKbQrftr, ROTAwCWqCXn5f3NMupJD, cm3h0v6rjZpGU1EEPV1s], historicalSongPoint=[0.46, 0.67, 0.55, 0.93, 0.4, 0.9], historicalConnections=[oA3bltmGZg4X5fP0P2Ig, FXlY823hC4B7wSnZ4es2, hnoIwH1NsS9PlKbQrftr, ROTAwCWqCXn5f3NMupJD, cm3h0v6rjZpGU1EEPV1s], songLibrary=song.SongLibrary@530712d}]> but was: <GetUserSuccessResponse[result=success, user=User{userId='TJWATWNITXLQCVcSroz1', displayName='Georgia Black', refreshToken='', membershipLength=0, currentSong=Song{userId='TJWATWNITXLQCVcSroz1', title='Bandit (with YoungBoy Never Broke Again)', id='1oWM79mUVdZGCGYjSirHZR', artists=[Juice WRLD, YoungBoy Never Broke Again], features=[0.06870000064373016, 0.4740000069141388, 0.6309999823570251, 0.0, 0.34299999475479126, 0.42399999499320984], dimension=6}, connections=[oA3bltmGZg4X5fP0P2Ig, FXlY823hC4B7wSnZ4es2, hnoIwH1NsS9PlKbQrftr, ROTAwCWqCXn5f3NMupJD, cm3h0v6rjZpGU1EEPV1s], historicalSongPoint=[0.46, 0.67, 0.55, 0.93, 0.4, 0.9], historicalConnections=[oA3bltmGZg4X5fP0P2Ig, FXlY823hC4B7wSnZ4es2, hnoIwH1NsS9PlKbQrftr, ROTAwCWqCXn5f3NMupJD, cm3h0v6rjZpGU1EEPV1s], songLibrary=null}]>
	at server.HandlersTest.testGetUser(HandlersTest.java:151)

