<?xml version="1.0" encoding="UTF-8"?>
<testsuite xmlns:xsi="http://www.w3.org/2001/XMLSchema-instance" xsi:noNamespaceSchemaLocation="https://maven.apache.org/surefire/maven-surefire-plugin/xsd/surefire-test-report-3.0.xsd" version="3.0" name="csv.CSVParserTest" time="0.06" tests="6" errors="0" skipped="0" failures="0">
  <properties>
[...]
</properties>
  <testcase name="testBasicCase" classname="csv.CSVParserTest" time="0.027"/>
  <testcase name="testMissingFieldsCase" classname="csv.CSVParserTest" time="0.003"/>
  <testcase name="testEmptyCase" classname="csv.CSVParserTest" time="0.001"/>
  <testcase name="testStringReaderCase" classname="csv.CSVParserTest" time="0.001"/>
  <testcase name="testWithSpacesCase" classname="csv.CSVParserTest" time="0.002"/>
  <testcase name="testUsersCase" classname="csv.CSVParserTest" time="0.008"/>
</testsuite>